============================= test session starts ==============================
platform darwin -- Python 3.7.5, pytest-5.3.5, py-1.8.1, pluggy-0.13.1
rootdir: /Users/shleifer/transformers_fork, inifile: pytest.ini
plugins: xdist-1.31.0, forked-1.1.3
collected 1046 items

tests/test_activations.py ..
tests/test_configuration_auto.py .....
tests/test_doc_samples.py sss
tests/test_hf_api.py ............
tests/test_hf_argparser.py ......
tests/test_model_card.py ....
tests/test_modeling_albert.py ....................s......
tests/test_modeling_auto.py ..sss.sss
tests/test_modeling_bart.py .............s..........ss...s...s......sssss.s...
tests/test_modeling_bert.py ..........................s......
tests/test_modeling_camembert.py s
tests/test_modeling_common.py s.
tests/test_modeling_ctrl.py .................s.....s
tests/test_modeling_distilbert.py .........................
tests/test_modeling_electra.py ...................s......
tests/test_modeling_encoder_decoder.py .....s..
tests/test_modeling_flaubert.py ....................s......
tests/test_modeling_gpt2.py ....................s......ss
tests/test_modeling_marian.py s.ss...ss..s...
tests/test_modeling_openai.py ...............s.........s
tests/test_modeling_reformer.py ....s..........s......ss..........s................ss...............s
tests/test_modeling_roberta.py .....................s.......sss
tests/test_modeling_t5.py ...............s...........ssss
tests/test_modeling_transfo_xl.py ...............s.......s
tests/test_modeling_xlm.py ...............s............s
tests/test_modeling_xlm_roberta.py ss
tests/test_modeling_xlnet.py ...............s............s
tests/test_onnx.py .ONNX opset version set to: 11
Loading pipeline (model: bert-base-cased, tokenizer: bert-base-cased)
Creating folder onnx
PyTorch: 1.4.0
FONNX opset version set to: 11
Loading pipeline (model: bert-base-cased, tokenizer: bert-base-cased)
Creating folder onnx
/!\ Please note TensorFlow doesn't support exporting model > 2Gb /!\
F..
tests/test_optimization.py ......
tests/test_pipelines.py .......s.....s..s.......ss
tests/test_tokenization_albert.py ...........................
tests/test_tokenization_auto.py .......
tests/test_tokenization_bert.py .............................s......
tests/test_tokenization_bert_japanese.py ssssssssssssssssssssssssssssssss......................s.....
tests/test_tokenization_ctrl.py ..........................
tests/test_tokenization_distilbert.py .............................s...................................s......
tests/test_tokenization_fast.py .....
tests/test_tokenization_gpt2.py ...........................
tests/test_tokenization_openai.py ..........................
tests/test_tokenization_roberta.py .....................s......
tests/test_tokenization_t5.py ..........................
tests/test_tokenization_transfo_xl.py ............................
tests/test_tokenization_utils.py s
tests/test_tokenization_xlm.py .....................s.....
tests/test_tokenization_xlm_roberta.py ........................ss..
tests/test_tokenization_xlnet.py .....................s.......
tests/test_trainer.py .....{"eval_loss": 0.13596731424331665, "step": null}
.

=================================== FAILURES ===================================
____________________ OnnxExportTestCase.test_export_pytorch ____________________

self = <tests.test_onnx.OnnxExportTestCase testMethod=test_export_pytorch>
model = 'bert-base-cased', framework = 'pt', opset = 11

    def _test_export(self, model, framework, opset):
        try:
            # Compute path
            path = "onnx" + sep + model + ".onnx"
    
            # Remove folder if exists
            if exists(dirname(path)):
                rmtree(dirname(path))
    
            # Export
>           convert(framework, model, path, opset)

tests/test_onnx.py:44: 
_ _ _ _ _ _ _ _ _ _ _ _ _ _ _ _ _ _ _ _ _ _ _ _ _ _ _ _ _ _ _ _ _ _ _ _ _ _ _ _ 

framework = 'pt', model = 'bert-base-cased'
output = 'onnx/bert-base-cased.onnx', opset = 11, tokenizer = None

    def convert(framework: str, model: str, output: str, opset: int, tokenizer: Optional[str] = None):
        print("ONNX opset version set to: {}".format(opset))
    
        # Load the pipeline
        nlp = load_graph_from_args(framework, model, tokenizer)
    
        parent = dirname(output)
        if not exists(parent):
            print("Creating folder {}".format(parent))
            makedirs(parent)
        elif len(listdir(parent)) > 0:
            raise Exception("Folder {} is not empty, aborting conversion".format(parent))
    
        # Export the graph
        if framework == "pt":
>           convert_pytorch(nlp, opset, output)

src/transformers/convert_graph_to_onnx.py:178: 
_ _ _ _ _ _ _ _ _ _ _ _ _ _ _ _ _ _ _ _ _ _ _ _ _ _ _ _ _ _ _ _ _ _ _ _ _ _ _ _ 

nlp = <transformers.pipelines.FeatureExtractionPipeline object at 0x169da4910>
opset = 11, output = 'onnx/bert-base-cased.onnx'

    def convert_pytorch(nlp: Pipeline, opset: int, output: str):
        if not is_torch_available():
            raise Exception("Cannot convert because PyTorch is not installed. Please install torch first.")
    
        import torch
        from torch.onnx import export
    
        print("PyTorch: {}".format(torch.__version__))
    
        with torch.no_grad():
            input_names, output_names, dynamic_axes, tokens = infer_shapes(nlp, "pt")
            model_args = ensure_valid_input(nlp.model, tokens, input_names)
    
            export(
                nlp.model,
                model_args,
                f=output,
                input_names=input_names,
                output_names=output_names,
                dynamic_axes=dynamic_axes,
                do_constant_folding=True,
                use_external_data_format=True,
                enable_onnx_checker=True,
>               opset_version=opset,
            )
E           TypeError: export() got an unexpected keyword argument 'use_external_data_format'

src/transformers/convert_graph_to_onnx.py:131: TypeError

During handling of the above exception, another exception occurred:

self = <tests.test_onnx.OnnxExportTestCase testMethod=test_export_pytorch>

    @require_torch
    def test_export_pytorch(self):
        for model in OnnxExportTestCase.MODEL_TO_TEST:
>           self._test_export(model, "pt", 11)

tests/test_onnx.py:32: 
_ _ _ _ _ _ _ _ _ _ _ _ _ _ _ _ _ _ _ _ _ _ _ _ _ _ _ _ _ _ _ _ _ _ _ _ _ _ _ _ 
tests/test_onnx.py:46: in _test_export
    self.fail(e)
E   AssertionError: export() got an unexpected keyword argument 'use_external_data_format'
------------------------------ Captured log call -------------------------------
INFO     transformers.configuration_utils:configuration_utils.py:285 loading configuration file https://s3.amazonaws.com/models.huggingface.co/bert/bert-base-cased-config.json from cache at /Users/shleifer/.cache/torch/transformers/b945b69218e98b3e2c95acf911789741307dec43c698d35fad11c1ae28bda352.9da767be51e1327499df13488672789394e2ca38b877837e52618a67d7002391
INFO     transformers.configuration_utils:configuration_utils.py:321 Model config BertConfig {
  "architectures": [
    "BertForMaskedLM"
  ],
  "attention_probs_dropout_prob": 0.1,
  "hidden_act": "gelu",
  "hidden_dropout_prob": 0.1,
  "hidden_size": 768,
  "initializer_range": 0.02,
  "intermediate_size": 3072,
  "layer_norm_eps": 1e-12,
  "max_position_embeddings": 512,
  "model_type": "bert",
  "num_attention_heads": 12,
  "num_hidden_layers": 12,
  "pad_token_id": 0,
  "type_vocab_size": 2,
  "vocab_size": 28996
}

INFO     transformers.tokenization_utils:tokenization_utils.py:1015 loading file https://s3.amazonaws.com/models.huggingface.co/bert/bert-base-cased-vocab.txt from cache at /Users/shleifer/.cache/torch/transformers/5e8a2b4893d13790ed4150ca1906be5f7a03d6c4ddf62296c383f6db42814db2.e13dbb970cb325137104fb2e5f36fe865f27746c6b526f6352861b1980eb80b1
INFO     filelock:filelock.py:274 Lock 5788530896 acquired on /Users/shleifer/.cache/torch/transformers/72b46f187c40a666d54782e06684c2870e109350a3efe9aa5027253dec2e671d.455d944f3d1572ab55ed579849f751cf37f303e3388980a42d94f7cd57a4e331.lock
INFO     transformers.file_utils:file_utils.py:436 https://s3.amazonaws.com/models.huggingface.co/bert/bert-base-cased-modelcard.json not found in cache or force_download set to True, downloading to /Users/shleifer/.cache/torch/transformers/tmpovz_k60p
INFO     transformers.file_utils:file_utils.py:440 storing https://s3.amazonaws.com/models.huggingface.co/bert/bert-base-cased-modelcard.json in cache at /Users/shleifer/.cache/torch/transformers/72b46f187c40a666d54782e06684c2870e109350a3efe9aa5027253dec2e671d.455d944f3d1572ab55ed579849f751cf37f303e3388980a42d94f7cd57a4e331
INFO     transformers.file_utils:file_utils.py:443 creating metadata file for /Users/shleifer/.cache/torch/transformers/72b46f187c40a666d54782e06684c2870e109350a3efe9aa5027253dec2e671d.455d944f3d1572ab55ed579849f751cf37f303e3388980a42d94f7cd57a4e331
INFO     filelock:filelock.py:318 Lock 5788530896 released on /Users/shleifer/.cache/torch/transformers/72b46f187c40a666d54782e06684c2870e109350a3efe9aa5027253dec2e671d.455d944f3d1572ab55ed579849f751cf37f303e3388980a42d94f7cd57a4e331.lock
INFO     transformers.modelcard:modelcard.py:161 loading model card file https://s3.amazonaws.com/models.huggingface.co/bert/bert-base-cased-modelcard.json from cache at /Users/shleifer/.cache/torch/transformers/72b46f187c40a666d54782e06684c2870e109350a3efe9aa5027253dec2e671d.455d944f3d1572ab55ed579849f751cf37f303e3388980a42d94f7cd57a4e331
INFO     transformers.modelcard:modelcard.py:179 Model card: {
  "caveats_and_recommendations": {},
  "ethical_considerations": {},
  "evaluation_data": {},
  "factors": {},
  "intended_use": {},
  "metrics": {},
  "model_details": {},
  "quantitative_analyses": {},
  "training_data": {}
}

INFO     transformers.configuration_utils:configuration_utils.py:285 loading configuration file https://s3.amazonaws.com/models.huggingface.co/bert/bert-base-cased-config.json from cache at /Users/shleifer/.cache/torch/transformers/b945b69218e98b3e2c95acf911789741307dec43c698d35fad11c1ae28bda352.9da767be51e1327499df13488672789394e2ca38b877837e52618a67d7002391
INFO     transformers.configuration_utils:configuration_utils.py:321 Model config BertConfig {
  "architectures": [
    "BertForMaskedLM"
  ],
  "attention_probs_dropout_prob": 0.1,
  "hidden_act": "gelu",
  "hidden_dropout_prob": 0.1,
  "hidden_size": 768,
  "initializer_range": 0.02,
  "intermediate_size": 3072,
  "layer_norm_eps": 1e-12,
  "max_position_embeddings": 512,
  "model_type": "bert",
  "num_attention_heads": 12,
  "num_hidden_layers": 12,
  "pad_token_id": 0,
  "type_vocab_size": 2,
  "vocab_size": 28996
}

INFO     transformers.modeling_utils:modeling_utils.py:617 loading weights file https://cdn.huggingface.co/bert-base-cased-pytorch_model.bin from cache at /Users/shleifer/.cache/torch/transformers/d8f11f061e407be64c4d5d7867ee61d1465263e24085cfa26abf183fdc830569.3fadbea36527ae472139fe84cddaa65454d7429f12d543d80bfc3ad70de55ac2
__________________ OnnxExportTestCase.test_export_tensorflow ___________________

nlp = <transformers.pipelines.FeatureExtractionPipeline object at 0x175fcb4d0>
opset = 11, output = 'onnx/bert-base-cased.onnx'

    def convert_tensorflow(nlp: Pipeline, opset: int, output: str):
        if not is_tf_available():
            raise Exception(
                "Cannot convert {} because TF is not installed. Please install torch first.".format(args.model)
            )
    
        print("/!\\ Please note TensorFlow doesn't support exporting model > 2Gb /!\\")
    
        try:
            import tensorflow as tf
>           from keras2onnx import convert_keras, save_model, __version__ as k2ov
E           ModuleNotFoundError: No module named 'keras2onnx'

src/transformers/convert_graph_to_onnx.py:145: ModuleNotFoundError

During handling of the above exception, another exception occurred:

self = <tests.test_onnx.OnnxExportTestCase testMethod=test_export_tensorflow>
model = 'bert-base-cased', framework = 'tf', opset = 11

    def _test_export(self, model, framework, opset):
        try:
            # Compute path
            path = "onnx" + sep + model + ".onnx"
    
            # Remove folder if exists
            if exists(dirname(path)):
                rmtree(dirname(path))
    
            # Export
>           convert(framework, model, path, opset)

tests/test_onnx.py:44: 
_ _ _ _ _ _ _ _ _ _ _ _ _ _ _ _ _ _ _ _ _ _ _ _ _ _ _ _ _ _ _ _ _ _ _ _ _ _ _ _ 

framework = 'tf', model = 'bert-base-cased'
output = 'onnx/bert-base-cased.onnx', opset = 11, tokenizer = None

    def convert(framework: str, model: str, output: str, opset: int, tokenizer: Optional[str] = None):
        print("ONNX opset version set to: {}".format(opset))
    
        # Load the pipeline
        nlp = load_graph_from_args(framework, model, tokenizer)
    
        parent = dirname(output)
        if not exists(parent):
            print("Creating folder {}".format(parent))
            makedirs(parent)
        elif len(listdir(parent)) > 0:
            raise Exception("Folder {} is not empty, aborting conversion".format(parent))
    
        # Export the graph
        if framework == "pt":
            convert_pytorch(nlp, opset, output)
        else:
>           convert_tensorflow(nlp, opset, output)

src/transformers/convert_graph_to_onnx.py:180: 
_ _ _ _ _ _ _ _ _ _ _ _ _ _ _ _ _ _ _ _ _ _ _ _ _ _ _ _ _ _ _ _ _ _ _ _ _ _ _ _ 

nlp = <transformers.pipelines.FeatureExtractionPipeline object at 0x175fcb4d0>
opset = 11, output = 'onnx/bert-base-cased.onnx'

    def convert_tensorflow(nlp: Pipeline, opset: int, output: str):
        if not is_tf_available():
            raise Exception(
                "Cannot convert {} because TF is not installed. Please install torch first.".format(args.model)
            )
    
        print("/!\\ Please note TensorFlow doesn't support exporting model > 2Gb /!\\")
    
        try:
            import tensorflow as tf
            from keras2onnx import convert_keras, save_model, __version__ as k2ov
    
            print("TensorFlow: {}, keras2onnx: {}".format(tf.version.VERSION, k2ov))
    
            # Build
            input_names, output_names, dynamic_axes, tokens = infer_shapes(nlp, "tf")
    
            # Forward
            nlp.model.predict(tokens.data)
            onnx_model = convert_keras(nlp.model, nlp.model.name, target_opset=opset)
            save_model(onnx_model, output)
    
        except ImportError as e:
            raise Exception(
>               "Cannot import {} required to convert TF model to ONNX. Please install {} first.".format(e.name, e.name)
            )
E           Exception: Cannot import keras2onnx required to convert TF model to ONNX. Please install keras2onnx first.

src/transformers/convert_graph_to_onnx.py:159: Exception

During handling of the above exception, another exception occurred:

self = <tests.test_onnx.OnnxExportTestCase testMethod=test_export_tensorflow>

    @require_tf
    def test_export_tensorflow(self):
        for model in OnnxExportTestCase.MODEL_TO_TEST:
>           self._test_export(model, "tf", 11)

tests/test_onnx.py:27: 
_ _ _ _ _ _ _ _ _ _ _ _ _ _ _ _ _ _ _ _ _ _ _ _ _ _ _ _ _ _ _ _ _ _ _ _ _ _ _ _ 
tests/test_onnx.py:46: in _test_export
    self.fail(e)
E   AssertionError: Cannot import keras2onnx required to convert TF model to ONNX. Please install keras2onnx first.
------------------------------ Captured log call -------------------------------
INFO     transformers.configuration_utils:configuration_utils.py:285 loading configuration file https://s3.amazonaws.com/models.huggingface.co/bert/bert-base-cased-config.json from cache at /Users/shleifer/.cache/torch/transformers/b945b69218e98b3e2c95acf911789741307dec43c698d35fad11c1ae28bda352.9da767be51e1327499df13488672789394e2ca38b877837e52618a67d7002391
INFO     transformers.configuration_utils:configuration_utils.py:321 Model config BertConfig {
  "architectures": [
    "BertForMaskedLM"
  ],
  "attention_probs_dropout_prob": 0.1,
  "hidden_act": "gelu",
  "hidden_dropout_prob": 0.1,
  "hidden_size": 768,
  "initializer_range": 0.02,
  "intermediate_size": 3072,
  "layer_norm_eps": 1e-12,
  "max_position_embeddings": 512,
  "model_type": "bert",
  "num_attention_heads": 12,
  "num_hidden_layers": 12,
  "pad_token_id": 0,
  "type_vocab_size": 2,
  "vocab_size": 28996
}

INFO     transformers.tokenization_utils:tokenization_utils.py:1015 loading file https://s3.amazonaws.com/models.huggingface.co/bert/bert-base-cased-vocab.txt from cache at /Users/shleifer/.cache/torch/transformers/5e8a2b4893d13790ed4150ca1906be5f7a03d6c4ddf62296c383f6db42814db2.e13dbb970cb325137104fb2e5f36fe865f27746c6b526f6352861b1980eb80b1
INFO     filelock:filelock.py:274 Lock 6056398928 acquired on /Users/shleifer/.cache/torch/transformers/72b46f187c40a666d54782e06684c2870e109350a3efe9aa5027253dec2e671d.455d944f3d1572ab55ed579849f751cf37f303e3388980a42d94f7cd57a4e331.lock
INFO     transformers.file_utils:file_utils.py:436 https://s3.amazonaws.com/models.huggingface.co/bert/bert-base-cased-modelcard.json not found in cache or force_download set to True, downloading to /Users/shleifer/.cache/torch/transformers/tmp1xjwcqsu
INFO     transformers.file_utils:file_utils.py:440 storing https://s3.amazonaws.com/models.huggingface.co/bert/bert-base-cased-modelcard.json in cache at /Users/shleifer/.cache/torch/transformers/72b46f187c40a666d54782e06684c2870e109350a3efe9aa5027253dec2e671d.455d944f3d1572ab55ed579849f751cf37f303e3388980a42d94f7cd57a4e331
INFO     transformers.file_utils:file_utils.py:443 creating metadata file for /Users/shleifer/.cache/torch/transformers/72b46f187c40a666d54782e06684c2870e109350a3efe9aa5027253dec2e671d.455d944f3d1572ab55ed579849f751cf37f303e3388980a42d94f7cd57a4e331
INFO     filelock:filelock.py:318 Lock 6056398928 released on /Users/shleifer/.cache/torch/transformers/72b46f187c40a666d54782e06684c2870e109350a3efe9aa5027253dec2e671d.455d944f3d1572ab55ed579849f751cf37f303e3388980a42d94f7cd57a4e331.lock
INFO     transformers.modelcard:modelcard.py:161 loading model card file https://s3.amazonaws.com/models.huggingface.co/bert/bert-base-cased-modelcard.json from cache at /Users/shleifer/.cache/torch/transformers/72b46f187c40a666d54782e06684c2870e109350a3efe9aa5027253dec2e671d.455d944f3d1572ab55ed579849f751cf37f303e3388980a42d94f7cd57a4e331
INFO     transformers.modelcard:modelcard.py:179 Model card: {
  "caveats_and_recommendations": {},
  "ethical_considerations": {},
  "evaluation_data": {},
  "factors": {},
  "intended_use": {},
  "metrics": {},
  "model_details": {},
  "quantitative_analyses": {},
  "training_data": {}
}

INFO     transformers.configuration_utils:configuration_utils.py:285 loading configuration file https://s3.amazonaws.com/models.huggingface.co/bert/bert-base-cased-config.json from cache at /Users/shleifer/.cache/torch/transformers/b945b69218e98b3e2c95acf911789741307dec43c698d35fad11c1ae28bda352.9da767be51e1327499df13488672789394e2ca38b877837e52618a67d7002391
INFO     transformers.configuration_utils:configuration_utils.py:321 Model config BertConfig {
  "architectures": [
    "BertForMaskedLM"
  ],
  "attention_probs_dropout_prob": 0.1,
  "hidden_act": "gelu",
  "hidden_dropout_prob": 0.1,
  "hidden_size": 768,
  "initializer_range": 0.02,
  "intermediate_size": 3072,
  "layer_norm_eps": 1e-12,
  "max_position_embeddings": 512,
  "model_type": "bert",
  "num_attention_heads": 12,
  "num_hidden_layers": 12,
  "pad_token_id": 0,
  "type_vocab_size": 2,
  "vocab_size": 28996
}

INFO     filelock:filelock.py:274 Lock 6070838096 acquired on /Users/shleifer/.cache/torch/transformers/17e64dc7dc200314bc70dd8198010773501bcabb65a493c1ae7183b8c9a5b1ff.908e74db1113031d6827eb22808cf370b0aeded6e6ac20d0f07af0a334e195cc.h5.lock
INFO     transformers.file_utils:file_utils.py:436 https://cdn.huggingface.co/bert-base-cased-tf_model.h5 not found in cache or force_download set to True, downloading to /Users/shleifer/.cache/torch/transformers/tmp8s8d1wse
INFO     transformers.file_utils:file_utils.py:440 storing https://cdn.huggingface.co/bert-base-cased-tf_model.h5 in cache at /Users/shleifer/.cache/torch/transformers/17e64dc7dc200314bc70dd8198010773501bcabb65a493c1ae7183b8c9a5b1ff.908e74db1113031d6827eb22808cf370b0aeded6e6ac20d0f07af0a334e195cc.h5
INFO     transformers.file_utils:file_utils.py:443 creating metadata file for /Users/shleifer/.cache/torch/transformers/17e64dc7dc200314bc70dd8198010773501bcabb65a493c1ae7183b8c9a5b1ff.908e74db1113031d6827eb22808cf370b0aeded6e6ac20d0f07af0a334e195cc.h5
INFO     filelock:filelock.py:318 Lock 6070838096 released on /Users/shleifer/.cache/torch/transformers/17e64dc7dc200314bc70dd8198010773501bcabb65a493c1ae7183b8c9a5b1ff.908e74db1113031d6827eb22808cf370b0aeded6e6ac20d0f07af0a334e195cc.h5.lock
INFO     transformers.modeling_tf_utils:modeling_tf_utils.py:393 loading weights file https://cdn.huggingface.co/bert-base-cased-tf_model.h5 from cache at /Users/shleifer/.cache/torch/transformers/17e64dc7dc200314bc70dd8198010773501bcabb65a493c1ae7183b8c9a5b1ff.908e74db1113031d6827eb22808cf370b0aeded6e6ac20d0f07af0a334e195cc.h5
INFO     transformers.modeling_tf_utils:modeling_tf_utils.py:435 Layers from pretrained model not used in TFBertModel: ['mlm___cls', 'nsp___cls']
============================ slowest test durations ============================
49.29s call     tests/test_pipelines.py::MonoColumnInputTestCase::test_tf_summarization
13.54s call     tests/test_onnx.py::OnnxExportTestCase::test_export_tensorflow
11.61s call     tests/test_trainer.py::TrainerIntegrationTest::test_trainer_eval_mrpc
10.84s call     tests/test_pipelines.py::MonoColumnInputTestCase::test_torch_translation
7.39s call     tests/test_tokenization_xlm.py::XLMTokenizationTest::test_torch_encode_plus_sent_to_model
7.18s call     tests/test_tokenization_auto.py::AutoTokenizerTest::test_tokenizer_from_pretrained
6.40s call     tests/test_pipelines.py::MonoColumnInputTestCase::test_torch_summarization
6.08s call     tests/test_tokenization_albert.py::AlbertTokenizationTest::test_torch_encode_plus_sent_to_model
5.17s call     tests/test_tokenization_xlm.py::XLMTokenizationTest::test_tf_encode_plus_sent_to_model
4.56s call     tests/test_tokenization_fast.py::WordPieceFastTokenizerTest::test_all_tokenizers
4.10s call     tests/test_modeling_marian.py::TestMarian_RU_FR::test_batch_generation_ru_fr
3.91s call     tests/test_tokenization_fast.py::NoPaddingTokenFastTokenizerMatchingTest::test_all_tokenizers
3.71s call     tests/test_tokenization_xlnet.py::XLNetTokenizationTest::test_torch_encode_plus_sent_to_model
3.57s call     tests/test_modeling_marian.py::TestMarian_MT_EN::test_batch_generation_mt_en
3.56s call     tests/test_tokenization_xlnet.py::XLNetTokenizationTest::test_tf_encode_plus_sent_to_model
3.38s call     tests/test_pipelines.py::MonoColumnInputTestCase::test_tf_text_generation
3.09s call     tests/test_tokenization_albert.py::AlbertTokenizationTest::test_tf_encode_plus_sent_to_model
2.89s call     tests/test_modeling_bert.py::BertModelTest::test_torchscript_output_attentions
2.86s call     tests/test_modeling_reformer.py::ReformerLSHAttnModelTest::test_lm_head_model_random_beam_search_generate
2.81s call     tests/test_tokenization_fast.py::RobertaFastTokenizerTest::test_all_tokenizers
2.80s call     tests/test_modeling_bert.py::BertModelTest::test_torchscript_output_hidden_state
2.73s call     tests/test_modeling_bert.py::BertModelTest::test_torchscript
2.38s call     tests/test_onnx.py::OnnxExportTestCase::test_export_pytorch
2.19s call     tests/test_tokenization_xlm_roberta.py::XLMRobertaTokenizationTest::test_torch_encode_plus_sent_to_model
2.13s call     tests/test_pipelines.py::QAPipelineTests::test_torch_question_answering
2.09s call     tests/test_tokenization_roberta.py::RobertaTokenizationTest::test_torch_encode_plus_sent_to_model
1.98s call     tests/test_pipelines.py::QAPipelineTests::test_tf_question_answering
1.81s call     tests/test_modeling_xlnet.py::XLNetModelTest::test_torchscript_output_attentions
1.77s call     tests/test_modeling_xlnet.py::XLNetModelTest::test_torchscript_output_hidden_state
1.75s call     tests/test_modeling_xlnet.py::XLNetModelTest::test_torchscript
1.65s call     tests/test_pipelines.py::MonoColumnInputTestCase::test_torch_text_generation
1.65s call     tests/test_modeling_flaubert.py::FlaubertModelTest::test_torchscript
1.59s call     tests/test_tokenization_auto.py::AutoTokenizerTest::test_tokenizer_identifier_with_correct_config
1.58s call     tests/test_modeling_flaubert.py::FlaubertModelTest::test_torchscript_output_attentions
1.58s call     tests/test_modeling_flaubert.py::FlaubertModelTest::test_torchscript_output_hidden_state
1.57s call     tests/test_pipelines.py::MonoColumnInputTestCase::test_tf_sentiment_analysis
1.56s call     tests/test_tokenization_bert.py::BertTokenizationTest::test_tf_encode_plus_sent_to_model
1.56s call     tests/test_modeling_xlm.py::XLMModelTest::test_torchscript
1.56s call     tests/test_onnx.py::OnnxExportTestCase::test_infer_dynamic_axis_pytorch
1.54s call     tests/test_modeling_xlm.py::XLMModelTest::test_torchscript_output_attentions
1.53s call     tests/test_modeling_xlm.py::XLMModelTest::test_torchscript_output_hidden_state
1.53s call     tests/test_tokenization_distilbert.py::BertTokenizationTest::test_tf_encode_plus_sent_to_model
1.48s call     tests/test_modeling_openai.py::OpenAIGPTModelTest::test_torchscript_output_hidden_state
1.47s call     tests/test_pipelines.py::MonoColumnInputTestCase::test_tf_ner
1.46s call     tests/test_modeling_openai.py::OpenAIGPTModelTest::test_torchscript_output_attentions
1.46s call     tests/test_modeling_gpt2.py::GPT2ModelTest::test_torchscript_output_attentions
1.45s call     tests/test_modeling_gpt2.py::GPT2ModelTest::test_torchscript_output_hidden_state
1.45s call     tests/test_modeling_openai.py::OpenAIGPTModelTest::test_torchscript
1.45s call     tests/test_modeling_reformer.py::ReformerLSHAttnModelTest::test_lm_head_model_random_no_beam_search_generate
1.44s call     tests/test_modeling_gpt2.py::GPT2ModelTest::test_torchscript
1.43s call     tests/test_tokenization_roberta.py::RobertaTokenizationTest::test_tf_encode_plus_sent_to_model
1.39s call     tests/test_tokenization_bert.py::BertTokenizationTest::test_torch_encode_plus_sent_to_model
1.38s call     tests/test_pipelines.py::MonoColumnInputTestCase::test_tf_fill_mask
1.38s call     tests/test_tokenization_distilbert.py::BertTokenizationTest::test_torch_encode_plus_sent_to_model
1.35s call     tests/test_modeling_bart.py::BARTModelTest::test_tiny_model
1.34s call     tests/test_modeling_albert.py::AlbertModelTest::test_torchscript
1.33s call     tests/test_modeling_albert.py::AlbertModelTest::test_torchscript_output_attentions
1.32s call     tests/test_modeling_albert.py::AlbertModelTest::test_torchscript_output_hidden_state
1.28s call     tests/test_onnx.py::OnnxExportTestCase::test_infer_dynamic_axis_tf
1.27s setup    tests/test_modeling_marian.py::TestMarian_RU_FR::test_batch_generation_ru_fr
1.25s call     tests/test_pipelines.py::MonoColumnInputTestCase::test_ner_grouped
1.25s call     tests/test_modeling_electra.py::ElectraModelTest::test_torchscript_output_attentions
1.24s call     tests/test_pipelines.py::MonoColumnInputTestCase::test_torch_fill_mask
1.23s call     tests/test_modeling_electra.py::ElectraModelTest::test_torchscript
1.23s call     tests/test_modeling_distilbert.py::DistilBertModelTest::test_torchscript_output_attentions
1.23s call     tests/test_modeling_electra.py::ElectraModelTest::test_torchscript_output_hidden_state
1.22s call     tests/test_modeling_distilbert.py::DistilBertModelTest::test_torchscript_output_hidden_state
1.18s call     tests/test_pipelines.py::MonoColumnInputTestCase::test_tf_feature_extraction
1.18s call     tests/test_tokenization_auto.py::AutoTokenizerTest::test_tokenizer_identifier_non_existent
1.14s setup    tests/test_modeling_marian.py::TestMarian_EN_DE_More::test_auto_config
1.13s setup    tests/test_modeling_marian.py::TestMarian_MT_EN::test_batch_generation_mt_en
1.12s teardown tests/test_hf_api.py::HfApiEndpointsTest::test_whoami
1.11s call     tests/test_tokenization_auto.py::AutoTokenizerTest::test_tokenizer_from_model_type
1.07s call     tests/test_pipelines.py::MonoColumnInputTestCase::test_tf_ner_grouped
1.06s setup    tests/test_modeling_marian.py::TestMarian_FR_EN::test_batch_generation_fr_en
1.04s setup    tests/test_modeling_marian.py::TestMarian_en_ROMANCE::test_batch_generation_en_ROMANCE_multi
1.02s call     tests/test_pipelines.py::MonoColumnInputTestCase::test_torch_sentiment_analysis
1.02s setup    tests/test_modeling_marian.py::TestMarian_EN_FR::test_batch_generation_en_fr
1.02s call     tests/test_modeling_transfo_xl.py::TransfoXLModelTest::test_lm_head_model_random_beam_search_generate
0.99s call     tests/test_tokenization_fast.py::TransfoXLFastTokenizerTest::test_all_tokenizers
0.98s call     tests/test_pipelines.py::MonoColumnInputTestCase::test_torch_feature_extraction
0.94s call     tests/test_modeling_xlnet.py::XLNetModelTest::test_lm_head_model_random_beam_search_generate
0.92s call     tests/test_modeling_roberta.py::RobertaModelTest::test_torchscript_output_attentions
0.92s call     tests/test_pipelines.py::MonoColumnInputTestCase::test_torch_ner
0.90s call     tests/test_tokenization_distilbert.py::DistilBertTokenizationTest::test_tf_encode_plus_sent_to_model
0.83s call     tests/test_modeling_roberta.py::RobertaModelTest::test_torchscript
0.81s call     tests/test_modeling_roberta.py::RobertaModelTest::test_torchscript_output_hidden_state
0.80s call     tests/test_hf_api.py::HfApiEndpointsTest::test_presign_and_upload
0.72s setup    tests/test_modeling_bart.py::BartTranslationTests::test_enro_forward
0.69s call     tests/test_tokenization_distilbert.py::DistilBertTokenizationTest::test_torch_encode_plus_sent_to_model
0.63s call     tests/test_hf_api.py::HfApiPublicTest::test_model_list
0.59s call     tests/test_modeling_auto.py::AutoModelTest::test_from_identifier_from_model_type
0.57s call     tests/test_tokenization_auto.py::AutoTokenizerTest::test_tokenizer_from_pretrained_identifier
0.56s call     tests/test_hf_api.py::HfApiEndpointsTest::test_list_objs
0.54s call     tests/test_modeling_transfo_xl.py::TransfoXLModelTest::test_lm_head_model_random_no_beam_search_generate
0.52s call     tests/test_modeling_ctrl.py::CTRLModelTest::test_lm_head_model_random_beam_search_generate
0.51s call     tests/test_modeling_xlnet.py::XLNetModelTest::test_lm_head_model_random_no_beam_search_generate
0.50s call     tests/test_tokenization_auto.py::AutoTokenizerTest::test_from_pretrained_use_fast_toggle
0.49s call     tests/test_modeling_openai.py::OpenAIGPTModelTest::test_lm_head_model_random_beam_search_generate
0.47s call     tests/test_modeling_bart.py::TestSinusoidalPositionalEmbeddings::test_positional_emb_weights_against_marian
0.44s call     tests/test_trainer.py::DataCollatorIntegrationTest::test_lm_tokenizer_with_padding
0.43s call     tests/test_modeling_t5.py::T5ModelTest::test_lm_head_model_random_beam_search_generate
0.42s call     tests/test_hf_api.py::HfApiLoginTest::test_login_invalid
0.42s call     tests/test_modeling_auto.py::AutoModelTest::test_from_pretrained_identifier
0.40s call     tests/test_trainer.py::DataCollatorIntegrationTest::test_default_regression
0.40s call     tests/test_trainer.py::TrainerIntegrationTest::test_trainer_eval_lm
0.39s call     tests/test_trainer.py::DataCollatorIntegrationTest::test_lm_tokenizer_without_padding
0.37s call     tests/test_tokenization_albert.py::AlbertTokenizationTest::test_get_vocab
0.36s call     tests/test_modeling_reformer.py::ReformerLocalAttnModelTest::test_lm_head_model_random_beam_search_generate
0.32s call     tests/test_modeling_xlm.py::XLMModelTest::test_lm_head_model_random_beam_search_generate
0.31s call     tests/test_hf_api.py::HfApiEndpointsTest::test_presign
0.29s call     tests/test_trainer.py::DataCollatorIntegrationTest::test_default_classification
0.28s call     tests/test_modeling_gpt2.py::GPT2ModelTest::test_lm_head_model_random_beam_search_generate
0.27s call     tests/test_modeling_flaubert.py::FlaubertModelTest::test_head_pruning_save_load_from_pretrained
0.27s call     tests/test_modeling_openai.py::OpenAIGPTModelTest::test_lm_head_model_random_no_beam_search_generate
0.26s call     tests/test_modeling_ctrl.py::CTRLModelTest::test_lm_head_model_random_no_beam_search_generate
0.26s call     tests/test_modeling_flaubert.py::FlaubertModelTest::test_head_pruning_integration
0.25s call     tests/test_modeling_bert.py::BertModelTest::test_head_pruning_integration
0.25s call     tests/test_modeling_t5.py::T5ModelTest::test_lm_head_model_random_no_beam_search_generate
0.25s call     tests/test_tokenization_albert.py::AlbertTokenizationTest::test_save_and_load_tokenizer
0.24s call     tests/test_modeling_xlnet.py::XLNetModelTest::test_save_load
0.23s call     tests/test_modeling_xlm.py::XLMModelTest::test_head_pruning_integration
0.23s call     tests/test_modeling_reformer.py::ReformerLSHAttnModelTest::test_save_load
0.23s call     tests/test_modeling_xlm.py::XLMModelTest::test_head_pruning_save_load_from_pretrained
0.23s call     tests/test_modeling_ctrl.py::CTRLModelTest::test_save_load
0.22s call     tests/test_modeling_reformer.py::ReformerLocalAttnModelTest::test_lm_head_model_random_no_beam_search_generate
0.22s call     tests/test_modeling_xlm.py::XLMModelTest::test_save_load
0.21s call     tests/test_modeling_reformer.py::ReformerLSHAttnModelTest::test_attention_outputs
0.21s call     tests/test_modeling_xlm.py::XLMModelTest::test_correct_missing_keys
0.20s call     tests/test_tokenization_xlm.py::XLMTokenizationTest::test_add_special_tokens
0.20s call     tests/test_modeling_ctrl.py::CTRLModelTest::test_attention_outputs
0.19s call     tests/test_modeling_bert.py::BertModelTest::test_save_load
0.19s call     tests/test_modeling_bert.py::BertModelTest::test_head_pruning_save_load_from_pretrained
0.18s call     tests/test_modeling_bart.py::BARTModelTest::test_lm_head_model_random_beam_search_generate
0.17s call     tests/test_modeling_xlnet.py::XLNetModelTest::test_correct_missing_keys
0.17s call     tests/test_modeling_reformer.py::ReformerLSHAttnModelTest::test_resize_tokens_embeddings
0.17s call     tests/test_modeling_flaubert.py::FlaubertModelTest::test_save_load
0.17s call     tests/test_tokenization_albert.py::AlbertTokenizationTest::test_tokenizers_common_properties
0.17s call     tests/test_modeling_xlm.py::XLMModelTest::test_lm_head_model_random_no_beam_search_generate
0.16s call     tests/test_modeling_reformer.py::ReformerLSHAttnModelTest::test_reformer_model_attn_masking
0.16s call     tests/test_tokenization_albert.py::AlbertTokenizationTest::test_separate_tokenizers
0.16s call     tests/test_modeling_reformer.py::ReformerLSHAttnModelTest::test_determinism
0.16s call     tests/test_modeling_xlnet.py::XLNetModelTest::test_headmasking
0.16s call     tests/test_modeling_openai.py::OpenAIGPTModelTest::test_head_pruning_save_load_from_pretrained
0.16s call     tests/test_modeling_ctrl.py::CTRLModelTest::test_correct_missing_keys
0.16s call     tests/test_modeling_flaubert.py::FlaubertModelTest::test_headmasking
0.15s call     tests/test_modeling_bert.py::BertModelTest::test_headmasking
0.15s call     tests/test_modeling_reformer.py::ReformerLSHAttnModelTest::test_reformer_lm_model_backward
0.15s call     tests/test_tokenization_albert.py::AlbertTokenizationTest::test_batch_encode_plus_padding
0.15s call     tests/test_hf_api.py::HfApiEndpointsTest::test_presign_invalid_org
0.15s call     tests/test_hf_api.py::HfApiEndpointsTest::test_presign_valid_org
0.15s call     tests/test_hf_api.py::HfApiEndpointsTest::test_presign_invalid
0.15s call     tests/test_tokenization_albert.py::AlbertTokenizationTest::test_added_tokens_do_lower_case
0.15s call     tests/test_modeling_bert.py::BertModelTest::test_determinism
0.15s call     tests/test_modeling_encoder_decoder.py::EncoderDecoderModelTest::test_bert_encoder_decoder_model_generate
0.15s call     tests/test_tokenization_albert.py::AlbertTokenizationTest::test_pickle_tokenizer
0.15s call     tests/test_hf_api.py::HfApiEndpointsTest::test_whoami
0.15s setup    tests/test_hf_api.py::HfApiEndpointsTest::test_list_objs
0.14s call     tests/test_hf_api.py::HfApiLoginTest::test_login_valid
0.14s call     tests/test_modeling_reformer.py::ReformerLocalAttnModelTest::test_reformer_chunking_backward_equality
0.14s call     tests/test_tokenization_albert.py::AlbertTokenizationTest::test_add_special_tokens
0.14s call     tests/test_configuration_auto.py::AutoConfigTest::test_config_from_model_shortcut
0.14s call     tests/test_modeling_flaubert.py::FlaubertModelTest::test_attention_outputs
0.14s call     tests/test_modeling_openai.py::OpenAIGPTModelTest::test_save_load
0.14s call     tests/test_modeling_distilbert.py::DistilBertModelTest::test_head_pruning_integration
0.14s call     tests/test_modeling_t5.py::T5ModelTest::test_save_load
0.13s call     tests/test_modeling_albert.py::AlbertModelTest::test_head_pruning_integration
0.13s call     tests/test_modeling_openai.py::OpenAIGPTModelTest::test_head_pruning_integration
0.13s call     tests/test_modeling_t5.py::T5ModelTest::test_headmasking
0.12s call     tests/test_modeling_bert.py::BertModelTest::test_correct_missing_keys
0.12s call     tests/test_modeling_marian.py::TestMarian_EN_DE_More::test_auto_config
0.12s call     tests/test_modeling_flaubert.py::FlaubertModelTest::test_correct_missing_keys
0.12s call     tests/test_modeling_gpt2.py::GPT2ModelTest::test_lm_head_model_random_no_beam_search_generate
0.12s call     tests/test_modeling_xlm.py::XLMModelTest::test_headmasking
0.12s call     tests/test_modeling_xlnet.py::XLNetModelTest::test_resize_tokens_embeddings
0.12s call     tests/test_hf_api.py::HfApiPublicTest::test_staging_model_list
0.12s call     tests/test_modeling_transfo_xl.py::TransfoXLModelTest::test_save_load
0.11s call     tests/test_modeling_roberta.py::RobertaModelTest::test_head_pruning_save_load_from_pretrained
0.11s call     tests/test_modeling_electra.py::ElectraModelTest::test_head_pruning_integration
0.11s call     tests/test_modeling_electra.py::ElectraModelTest::test_correct_missing_keys
0.11s call     tests/test_modeling_ctrl.py::CTRLModelTest::test_determinism
0.11s call     tests/test_modeling_bert.py::BertModelTest::test_attention_outputs
0.11s call     tests/test_configuration_auto.py::AutoConfigTest::test_config_model_type_from_model_identifier
0.11s call     tests/test_modeling_bert.py::BertModelTest::test_resize_tokens_embeddings
0.11s call     tests/test_tokenization_albert.py::AlbertTokenizationTest::test_required_methods_tokenizer
0.11s call     tests/test_modeling_bart.py::BartTranslationTests::test_mbart_enro_config
0.11s call     tests/test_modeling_flaubert.py::FlaubertModelTest::test_resize_tokens_embeddings
0.11s call     tests/test_modeling_reformer.py::ReformerLocalAttnModelTest::test_save_load
0.11s call     tests/test_modeling_distilbert.py::DistilBertModelTest::test_head_pruning_save_load_from_pretrained
0.11s call     tests/test_modeling_distilbert.py::DistilBertModelTest::test_save_load
0.11s call     tests/test_modeling_albert.py::AlbertModelTest::test_save_load
0.10s call     tests/test_modeling_gpt2.py::GPT2ModelTest::test_head_pruning_integration
0.10s call     tests/test_modeling_albert.py::AlbertModelTest::test_head_pruning_save_load_from_pretrained
0.10s call     tests/test_tokenization_albert.py::AlbertTokenizationTest::test_number_of_added_tokens
0.10s call     tests/test_tokenization_albert.py::AlbertTokenizationTest::test_encode_input_type
0.10s call     tests/test_modeling_reformer.py::ReformerLSHAttnModelTest::test_inputs_embeds
0.10s call     tests/test_tokenization_albert.py::AlbertTokenizationTest::test_batch_encode_plus_tensors
0.10s call     tests/test_modeling_flaubert.py::FlaubertModelTest::test_head_pruning_save_load_from_config_init
0.10s call     tests/test_tokenization_albert.py::AlbertTokenizationTest::test_swap_special_token
0.10s call     tests/test_modeling_openai.py::OpenAIGPTModelTest::test_attention_outputs
0.10s call     tests/test_tokenization_xlm_roberta.py::XLMRobertaTokenizationTest::test_save_and_load_tokenizer
0.10s call     tests/test_modeling_xlnet.py::XLNetModelTest::test_attention_outputs
0.10s call     tests/test_modeling_bart.py::BartModelIntegrationTests::test_xsum_config_generation_params
0.10s call     tests/test_tokenization_albert.py::AlbertTokenizationTest::test_padding_to_max_length
0.10s call     tests/test_modeling_openai.py::OpenAIGPTModelTest::test_correct_missing_keys
0.10s call     tests/test_tokenization_albert.py::AlbertTokenizationTest::test_batch_encode_plus_batch_sequence_length
0.10s call     tests/test_modeling_albert.py::AlbertModelTest::test_headmasking
0.10s call     tests/test_modeling_roberta.py::RobertaModelTest::test_save_load
0.10s call     tests/test_modeling_t5.py::T5ModelTest::test_attention_outputs
0.10s call     tests/test_tokenization_albert.py::AlbertTokenizationTest::test_mask_output
0.09s call     tests/test_modeling_ctrl.py::CTRLModelTest::test_hidden_states_output
0.09s call     tests/test_tokenization_albert.py::AlbertTokenizationTest::test_encode_decode_with_spaces
0.09s call     tests/test_tokenization_albert.py::AlbertTokenizationTest::test_encode_plus_with_padding
0.09s call     tests/test_modeling_ctrl.py::CTRLModelTest::test_inputs_embeds
0.09s call     tests/test_tokenization_albert.py::AlbertTokenizationTest::test_maximum_encoding_length_pair_input
0.09s call     tests/test_modeling_encoder_decoder.py::EncoderDecoderModelTest::test_save_and_load_from_pretrained
0.09s call     tests/test_tokenization_albert.py::AlbertTokenizationTest::test_maximum_encoding_length_single_input
0.09s call     tests/test_modeling_electra.py::ElectraModelTest::test_save_load
0.09s call     tests/test_tokenization_albert.py::AlbertTokenizationTest::test_add_tokens_tokenizer
0.09s call     tests/test_modeling_reformer.py::ReformerLSHAttnModelTest::test_reformer_model
0.09s call     tests/test_tokenization_albert.py::AlbertTokenizationTest::test_sequence_builders
0.09s call     tests/test_tokenization_albert.py::AlbertTokenizationTest::test_full_tokenizer
0.09s call     tests/test_modeling_reformer.py::ReformerLSHAttnModelTest::test_reformer_chunking_forward_equality
0.09s call     tests/test_tokenization_albert.py::AlbertTokenizationTest::test_special_tokens_mask
0.09s call     tests/test_modeling_electra.py::ElectraModelTest::test_head_pruning_save_load_from_pretrained
0.09s call     tests/test_modeling_xlm.py::XLMModelTest::test_attention_outputs
0.09s call     tests/test_modeling_reformer.py::ReformerLocalAttnModelTest::test_attention_outputs
0.09s call     tests/test_modeling_bart.py::BARTModelTest::test_lm_head_model_random_no_beam_search_generate
0.09s call     tests/test_modeling_encoder_decoder.py::EncoderDecoderModelTest::test_save_and_load_from_encoder_decoder_pretrained
0.09s call     tests/test_modeling_xlm.py::XLMModelTest::test_resize_tokens_embeddings
0.09s call     tests/test_modeling_roberta.py::RobertaModelTest::test_head_pruning_integration
0.09s call     tests/test_modeling_reformer.py::ReformerLSHAttnModelTest::test_hidden_states_output
0.08s call     tests/test_modeling_distilbert.py::DistilBertModelTest::test_headmasking
0.08s call     tests/test_modeling_flaubert.py::FlaubertModelTest::test_hidden_states_output
0.08s call     tests/test_modeling_ctrl.py::CTRLModelTest::test_initialization
0.08s call     tests/test_modeling_xlnet.py::XLNetModelTest::test_model_common_attributes
0.08s call     tests/test_modeling_flaubert.py::FlaubertModelTest::test_determinism
0.08s call     tests/test_modeling_gpt2.py::GPT2ModelTest::test_save_load
0.08s call     tests/test_modeling_xlnet.py::XLNetModelTest::test_determinism
0.08s call     tests/test_modeling_reformer.py::ReformerLocalAttnModelTest::test_reformer_model_attn_masking
0.08s call     tests/test_tokenization_xlm_roberta.py::XLMRobertaTokenizationTest::test_add_special_tokens
0.08s call     tests/test_modeling_bert.py::BertModelTest::test_head_pruning_save_load_from_config_init
0.08s call     tests/test_modeling_reformer.py::ReformerLocalAttnModelTest::test_resize_tokens_embeddings
0.08s call     tests/test_modeling_bart.py::BartHeadTests::test_default_generate_kwargs
0.08s call     tests/test_modeling_transfo_xl.py::TransfoXLModelTest::test_headmasking
0.08s call     tests/test_modeling_ctrl.py::CTRLModelTest::test_model_common_attributes
0.08s call     tests/test_modeling_openai.py::OpenAIGPTModelTest::test_headmasking
0.07s call     tests/test_modeling_bert.py::BertModelTest::test_hidden_states_output
0.07s call     tests/test_modeling_distilbert.py::DistilBertModelTest::test_attention_outputs
0.07s call     tests/test_modeling_gpt2.py::GPT2ModelTest::test_head_pruning_save_load_from_pretrained
0.07s call     tests/test_modeling_flaubert.py::FlaubertModelTest::test_initialization
0.07s call     tests/test_modeling_electra.py::ElectraModelTest::test_headmasking
0.07s call     tests/test_modeling_ctrl.py::CTRLModelTest::test_ctrl_lm_head_model
0.07s call     tests/test_modeling_ctrl.py::CTRLModelTest::test_ctrl_model
0.07s call     tests/test_modeling_xlm.py::XLMModelTest::test_determinism
0.07s call     tests/test_modeling_transfo_xl.py::TransfoXLModelTest::test_attention_outputs
0.07s call     tests/test_modeling_albert.py::AlbertModelTest::test_resize_tokens_embeddings
0.07s call     tests/test_modeling_albert.py::AlbertModelTest::test_attention_outputs
0.07s call     tests/test_modeling_flaubert.py::FlaubertModelTest::test_head_pruning
0.07s call     tests/test_modeling_xlnet.py::XLNetModelTest::test_inputs_embeds
0.07s call     tests/test_modeling_flaubert.py::FlaubertModelTest::test_inputs_embeds
0.07s call     tests/test_modeling_distilbert.py::DistilBertModelTest::test_correct_missing_keys
0.07s call     tests/test_modeling_bert.py::BertModelTest::test_head_pruning
0.07s call     tests/test_modeling_bart.py::BARTModelTest::test_save_load
0.06s call     tests/test_modeling_openai.py::OpenAIGPTModelTest::test_resize_tokens_embeddings
0.06s call     tests/test_modeling_roberta.py::RobertaModelTest::test_correct_missing_keys
0.06s call     tests/test_modeling_gpt2.py::GPT2ModelTest::test_headmasking
0.06s call     tests/test_modeling_xlm.py::XLMModelTest::test_head_pruning_save_load_from_config_init
0.06s call     tests/test_modeling_reformer.py::ReformerLocalAttnModelTest::test_determinism
0.06s call     tests/test_modeling_distilbert.py::DistilBertModelTest::test_resize_tokens_embeddings
0.06s call     tests/test_modeling_electra.py::ElectraModelTest::test_resize_tokens_embeddings
0.06s call     tests/test_modeling_transfo_xl.py::TransfoXLModelTest::test_correct_missing_keys
0.06s call     tests/test_modeling_xlnet.py::XLNetModelTest::test_hidden_states_output
0.06s call     tests/test_tokenization_xlm_roberta.py::XLMRobertaTokenizationTest::test_added_tokens_do_lower_case
0.06s call     tests/test_modeling_t5.py::T5ModelTest::test_determinism
0.06s call     tests/test_modeling_bert.py::BertModelTest::test_inputs_embeds
0.06s call     tests/test_modeling_gpt2.py::GPT2ModelTest::test_attention_outputs
0.06s call     tests/test_modeling_gpt2.py::GPT2ModelTest::test_resize_tokens_embeddings
0.06s call     tests/test_modeling_bert.py::BertModelTest::test_initialization
0.06s call     tests/test_modeling_xlm.py::XLMModelTest::test_inputs_embeds
0.06s call     tests/test_modeling_reformer.py::ReformerLSHAttnModelTest::test_correct_missing_keys
0.06s call     tests/test_modeling_reformer.py::ReformerLocalAttnModelTest::test_correct_missing_keys
0.06s call     tests/test_modeling_xlm.py::XLMModelTest::test_hidden_states_output
0.06s call     tests/test_tokenization_xlm_roberta.py::XLMRobertaTokenizationTest::test_get_vocab
0.06s call     tests/test_modeling_reformer.py::ReformerLocalAttnModelTest::test_reformer_chunking_forward_equality
0.06s call     tests/test_modeling_transfo_xl.py::TransfoXLModelTest::test_transfo_xl_lm_head
0.05s call     tests/test_modeling_electra.py::ElectraModelTest::test_attention_outputs
0.05s call     tests/test_modeling_albert.py::AlbertModelTest::test_correct_missing_keys
0.05s call     tests/test_tokenization_xlm_roberta.py::XLMRobertaTokenizationTest::test_batch_encode_plus_padding
0.05s call     tests/test_tokenization_xlm_roberta.py::XLMRobertaTokenizationTest::test_separate_tokenizers
0.05s call     tests/test_modeling_t5.py::T5ModelTest::test_t5_generate_with_past_key_value_states
0.05s call     tests/test_tokenization_xlm_roberta.py::XLMRobertaTokenizationTest::test_pickle_tokenizer
0.05s call     tests/test_modeling_xlnet.py::XLNetModelTest::test_xlnet_base_model
0.05s call     tests/test_modeling_xlm.py::XLMModelTest::test_head_pruning
0.05s call     tests/test_modeling_encoder_decoder.py::EncoderDecoderModelTest::test_bert_encoder_decoder_model_mlm_labels
0.05s call     tests/test_modeling_t5.py::T5ModelTest::test_inputs_embeds
0.05s call     tests/test_modeling_flaubert.py::FlaubertModelTest::test_tie_model_weights
0.05s call     tests/test_modeling_t5.py::T5ModelTest::test_hidden_states_output
0.05s call     tests/test_tokenization_xlm_roberta.py::XLMRobertaTokenizationTest::test_add_tokens_tokenizer
0.05s call     tests/test_tokenization_xlm_roberta.py::XLMRobertaTokenizationTest::test_swap_special_token
0.05s call     tests/test_tokenization_xlm_roberta.py::XLMRobertaTokenizationTest::test_tf_encode_plus_sent_to_model
0.05s call     tests/test_modeling_bart.py::BARTModelTest::test_resize_tokens_embeddings
0.05s call     tests/test_modeling_roberta.py::RobertaModelTest::test_attention_outputs
0.05s call     tests/test_modeling_distilbert.py::DistilBertModelTest::test_determinism
0.05s call     tests/test_modeling_albert.py::AlbertModelTest::test_determinism
0.05s call     tests/test_modeling_reformer.py::ReformerLSHAttnModelTest::test_reformer_layer_training_dropout
0.05s call     tests/test_modeling_bart.py::BARTModelTest::test_save_load_strict
0.05s call     tests/test_tokenization_xlm_roberta.py::XLMRobertaTokenizationTest::test_tokenizers_common_properties
0.05s call     tests/test_modeling_reformer.py::ReformerLSHAttnModelTest::test_reformer_with_lm
0.05s call     tests/test_tokenization_xlm_roberta.py::XLMRobertaTokenizationTest::test_encode_decode_with_spaces
0.05s call     tests/test_tokenization_albert.py::AlbertTokenizationTest::test_pretrained_model_lists
0.05s call     tests/test_modeling_reformer.py::ReformerLocalAttnModelTest::test_reformer_lm_model_backward
0.05s call     tests/test_tokenization_xlm_roberta.py::XLMRobertaTokenizationTest::test_batch_encode_plus_tensors
0.05s call     tests/test_tokenization_xlm_roberta.py::XLMRobertaTokenizationTest::test_special_tokens_mask
0.05s call     tests/test_modeling_albert.py::AlbertModelTest::test_hidden_states_output
0.04s call     tests/test_modeling_distilbert.py::DistilBertModelTest::test_head_pruning_save_load_from_config_init
0.04s call     tests/test_modeling_bert.py::BertModelTest::test_tie_model_weights
0.04s call     tests/test_modeling_albert.py::AlbertModelTest::test_inputs_embeds
0.04s call     tests/test_modeling_distilbert.py::DistilBertModelTest::test_hidden_states_output
0.04s call     tests/test_modeling_roberta.py::RobertaModelTest::test_resize_tokens_embeddings
0.04s call     tests/test_modeling_encoder_decoder.py::EncoderDecoderModelTest::test_bert_encoder_decoder_model_lm_labels
0.04s call     tests/test_tokenization_xlnet.py::XLNetTokenizationTest::test_padding_to_max_length
0.04s call     tests/test_modeling_xlm.py::XLMModelTest::test_initialization
0.04s call     tests/test_modeling_transfo_xl.py::TransfoXLModelTest::test_determinism
0.04s call     tests/test_modeling_bart.py::BARTModelTest::test_attention_outputs
0.04s call     tests/test_modeling_distilbert.py::DistilBertModelTest::test_inputs_embeds
0.04s call     tests/test_modeling_reformer.py::ReformerIntegrationTests::test_lsh_lm_model_grad
0.04s call     tests/test_modeling_distilbert.py::DistilBertModelTest::test_head_pruning
0.04s call     tests/test_modeling_gpt2.py::GPT2ModelTest::test_correct_missing_keys
0.04s call     tests/test_tokenization_xlnet.py::XLNetTokenizationTest::test_encode_decode_with_spaces
0.04s call     tests/test_modeling_roberta.py::RobertaModelTest::test_headmasking
0.04s call     tests/test_tokenization_xlnet.py::XLNetTokenizationTest::test_batch_encode_plus_tensors
0.04s call     tests/test_modeling_xlnet.py::XLNetModelTest::test_initialization
0.04s call     tests/test_modeling_albert.py::AlbertModelTest::test_head_pruning_save_load_from_config_init
0.04s call     tests/test_modeling_flaubert.py::FlaubertModelTest::test_model_common_attributes
0.04s call     tests/test_modeling_t5.py::T5ModelTest::test_t5_model
0.04s call     tests/test_modeling_xlnet.py::XLNetModelTest::test_xlnet_qa
0.04s call     tests/test_modeling_distilbert.py::DistilBertModelTest::test_initialization
0.04s call     tests/test_modeling_openai.py::OpenAIGPTModelTest::test_determinism
0.04s call     tests/test_tokenization_xlnet.py::XLNetTokenizationTest::test_separate_tokenizers
0.04s call     tests/test_modeling_electra.py::ElectraModelTest::test_determinism
0.04s call     tests/test_tokenization_xlm_roberta.py::XLMRobertaTokenizationTest::test_batch_encode_plus_batch_sequence_length
0.04s call     tests/test_tokenization_xlnet.py::XLNetTokenizationTest::test_batch_encode_plus_batch_sequence_length
0.04s call     tests/test_tokenization_xlm_roberta.py::XLMRobertaTokenizationTest::test_padding_to_max_length
0.04s call     tests/test_tokenization_xlnet.py::XLNetTokenizationTest::test_special_tokens_mask
0.04s call     tests/test_tokenization_xlm_roberta.py::XLMRobertaTokenizationTest::test_required_methods_tokenizer
0.04s call     tests/test_modeling_xlnet.py::XLNetModelTest::test_xlnet_lm_head
0.04s teardown tests/test_modeling_marian.py::TestMarian_RU_FR::test_batch_generation_ru_fr
0.04s call     tests/test_modeling_reformer.py::ReformerLocalAttnModelTest::test_reformer_model
0.04s call     tests/test_tokenization_xlm_roberta.py::XLMRobertaTokenizationTest::test_encode_plus_with_padding
0.04s call     tests/test_tokenization_xlnet.py::XLNetTokenizationTest::test_add_tokens_tokenizer
0.04s call     tests/test_modeling_albert.py::AlbertModelTest::test_head_pruning
0.04s call     tests/test_modeling_albert.py::AlbertModelTest::test_tie_model_weights
0.04s call     tests/test_tokenization_xlm_roberta.py::XLMRobertaTokenizationTest::test_maximum_encoding_length_single_input
0.04s call     tests/test_modeling_openai.py::OpenAIGPTModelTest::test_hidden_states_output
0.04s call     tests/test_modeling_gpt2.py::GPT2ModelTest::test_determinism
0.04s call     tests/test_tokenization_xlnet.py::XLNetTokenizationTest::test_number_of_added_tokens
0.04s call     tests/test_modeling_reformer.py::ReformerLocalAttnModelTest::test_hidden_states_output
0.04s call     tests/test_modeling_transfo_xl.py::TransfoXLModelTest::test_hidden_states_output
0.04s call     tests/test_modeling_albert.py::AlbertModelTest::test_initialization
0.04s call     tests/test_modeling_albert.py::AlbertModelTest::test_albert_model
0.04s call     tests/test_modeling_electra.py::ElectraModelTest::test_head_pruning_save_load_from_config_init
0.04s call     tests/test_modeling_reformer.py::ReformerLocalAttnModelTest::test_inputs_embeds
0.04s call     tests/test_tokenization_xlnet.py::XLNetTokenizationTest::test_save_and_load_tokenizer
0.04s call     tests/test_modeling_electra.py::ElectraModelTest::test_hidden_states_output
0.04s call     tests/test_modeling_gpt2.py::GPT2ModelTest::test_hidden_states_output
0.03s call     tests/test_modeling_transfo_xl.py::TransfoXLModelTest::test_inputs_embeds
0.03s call     tests/test_modeling_openai.py::OpenAIGPTModelTest::test_head_pruning
0.03s call     tests/test_modeling_electra.py::ElectraModelTest::test_inputs_embeds
0.03s call     tests/test_modeling_encoder_decoder.py::EncoderDecoderModelTest::test_bert_encoder_decoder_model
0.03s call     tests/test_modeling_gpt2.py::GPT2ModelTest::test_head_pruning_save_load_from_config_init
0.03s call     tests/test_modeling_gpt2.py::GPT2ModelTest::test_inputs_embeds
0.03s call     tests/test_tokenization_xlnet.py::XLNetTokenizationTest::test_get_vocab
0.03s call     tests/test_modeling_flaubert.py::FlaubertModelTest::test_flaubert_qa
0.03s call     tests/test_modeling_electra.py::ElectraModelTest::test_head_pruning
0.03s call     tests/test_modeling_openai.py::OpenAIGPTModelTest::test_head_pruning_save_load_from_config_init
0.03s call     tests/test_modeling_bert.py::BertModelTest::test_model_common_attributes
0.03s teardown tests/test_modeling_marian.py::TestMarian_MT_EN::test_batch_generation_mt_en
0.03s call     tests/test_modeling_reformer.py::ReformerLocalAttnModelTest::test_reformer_layer_training_dropout
0.03s call     tests/test_modeling_electra.py::ElectraModelTest::test_initialization
0.03s call     tests/test_modeling_t5.py::T5ModelTest::test_initialization
0.03s call     tests/test_modeling_bart.py::BARTModelTest::test_determinism
0.03s call     tests/test_modeling_gpt2.py::GPT2ModelTest::test_head_pruning
0.03s call     tests/test_tokenization_t5.py::T5TokenizationTest::test_save_and_load_tokenizer
0.03s call     tests/test_tokenization_xlm_roberta.py::XLMRobertaTokenizationTest::test_mask_output
0.03s call     tests/test_modeling_roberta.py::RobertaModelTest::test_determinism
0.03s call     tests/test_modeling_transfo_xl.py::TransfoXLModelTest::test_transfo_xl_model
0.03s call     tests/test_modeling_openai.py::OpenAIGPTModelTest::test_inputs_embeds
0.03s call     tests/test_modeling_roberta.py::RobertaModelTest::test_head_pruning_save_load_from_config_init
0.03s call     tests/test_tokenization_xlnet.py::XLNetTokenizationTest::test_maximum_encoding_length_pair_input
0.03s call     tests/test_modeling_xlm.py::XLMModelTest::test_tie_model_weights
0.03s call     tests/test_modeling_bart.py::BARTModelTest::test_advanced_inputs
0.03s call     tests/test_modeling_distilbert.py::DistilBertModelTest::test_tie_model_weights
0.03s call     tests/test_tokenization_distilbert.py::DistilBertTokenizationTest::test_pickle_tokenizer
0.03s call     tests/test_modeling_electra.py::ElectraModelTest::test_tie_model_weights
0.03s call     tests/test_modeling_openai.py::OpenAIGPTModelTest::test_tie_model_weights
0.03s call     tests/test_modeling_xlm.py::XLMModelTest::test_xlm_qa
0.03s call     tests/test_modeling_albert.py::AlbertModelTest::test_model_common_attributes
0.03s call     tests/test_modeling_reformer.py::ReformerIntegrationTests::test_lm_model_forward
0.03s call     tests/test_modeling_openai.py::OpenAIGPTModelTest::test_initialization
0.03s call     tests/test_tokenization_distilbert.py::DistilBertTokenizationTest::test_encode_decode_with_spaces
0.03s call     tests/test_modeling_reformer.py::ReformerLocalAttnModelTest::test_reformer_with_lm
0.02s call     tests/test_modeling_encoder_decoder.py::EncoderDecoderModelTest::test_bert_encoder_decoder_model_from_pretrained
0.02s call     tests/test_tokenization_distilbert.py::DistilBertTokenizationTest::test_tokenizers_common_properties
0.02s call     tests/test_tokenization_ctrl.py::CTRLTokenizationTest::test_batch_encode_plus_padding
0.02s call     tests/test_modeling_roberta.py::RobertaModelTest::test_inputs_embeds
0.02s call     tests/test_modeling_bert.py::BertModelTest::test_bert_model_as_decoder_with_default_input_mask
0.02s call     tests/test_modeling_bert.py::BertModelTest::test_bert_model_as_decoder
0.02s call     tests/test_modeling_gpt2.py::GPT2ModelTest::test_tie_model_weights
0.02s call     tests/test_modeling_t5.py::T5ModelTest::test_t5_decoder_model_past_with_attn_mask
0.02s call     tests/test_modeling_xlm.py::XLMModelTest::test_model_common_attributes
0.02s call     tests/test_modeling_reformer.py::ReformerIntegrationTests::test_local_lm_model_grad
0.02s call     tests/test_modeling_gpt2.py::GPT2ModelTest::test_initialization
0.02s call     tests/test_modeling_reformer.py::ReformerLocalAttnModelTest::test_config
0.02s call     tests/test_modeling_electra.py::ElectraModelTest::test_model_common_attributes
0.02s call     tests/test_modeling_t5.py::T5ModelTest::test_t5_decoder_model_past
0.02s call     tests/test_modeling_bert.py::BertModelTest::test_for_masked_lm_decoder
0.02s call     tests/test_modeling_xlnet.py::XLNetModelTest::test_tie_model_weights
0.02s call     tests/test_modeling_t5.py::T5ModelTest::test_with_lm_head
0.02s call     tests/test_tokenization_transfo_xl.py::TransfoXLTokenizationTest::test_save_and_load_tokenizer
0.02s call     tests/test_modeling_roberta.py::RobertaModelTest::test_hidden_states_output
0.02s call     tests/test_modeling_roberta.py::RobertaModelTest::test_roberta_model
0.02s call     tests/test_tokenization_xlm.py::XLMTokenizationTest::test_added_tokens_do_lower_case
0.02s call     tests/test_tokenization_bert_japanese.py::BertJapaneseCharacterTokenizationTest::test_batch_encode_plus_padding
0.02s call     tests/test_tokenization_t5.py::T5TokenizationTest::test_special_tokens_mask
0.02s call     tests/test_tokenization_distilbert.py::BertTokenizationTest::test_pickle_tokenizer
0.02s call     tests/test_tokenization_t5.py::T5TokenizationTest::test_torch_encode_plus_sent_to_model
0.02s call     tests/test_modeling_roberta.py::RobertaModelTest::test_initialization
0.02s call     tests/test_tokenization_t5.py::T5TokenizationTest::test_padding_to_max_length
0.02s call     tests/test_modeling_gpt2.py::GPT2ModelTest::test_gpt2_model_past
0.02s call     tests/test_tokenization_distilbert.py::DistilBertTokenizationTest::test_add_special_tokens
0.02s call     tests/test_modeling_distilbert.py::DistilBertModelTest::test_model_common_attributes
0.02s call     tests/test_tokenization_ctrl.py::CTRLTokenizationTest::test_number_of_added_tokens
0.02s call     tests/test_modeling_roberta.py::RobertaModelTest::test_head_pruning
0.02s call     tests/test_tokenization_distilbert.py::BertTokenizationTest::test_batch_encode_plus_tensors
0.02s call     tests/test_modeling_reformer.py::ReformerIntegrationTests::test_lsh_model_forward
0.02s call     tests/test_modeling_openai.py::OpenAIGPTModelTest::test_openai_gpt_model
0.02s call     tests/test_modeling_transfo_xl.py::TransfoXLModelTest::test_initialization
0.02s call     tests/test_modeling_gpt2.py::GPT2ModelTest::test_gpt2_model_att_mask_past
0.02s call     tests/test_modeling_gpt2.py::GPT2ModelTest::test_gpt2_double_lm_head_model
0.02s call     tests/test_tokenization_t5.py::T5TokenizationTest::test_added_tokens_do_lower_case
0.02s call     tests/test_tokenization_ctrl.py::CTRLTokenizationTest::test_tokenizers_common_properties
0.02s call     tests/test_modeling_xlnet.py::XLNetModelTest::test_xlnet_sequence_classif
0.02s call     tests/test_modeling_flaubert.py::FlaubertModelTest::test_flaubert_model
0.02s call     tests/test_modeling_gpt2.py::GPT2ModelTest::test_gpt2_model
0.02s call     tests/test_modeling_xlnet.py::XLNetModelTest::test_xlnet_token_classif
0.02s call     tests/test_modeling_flaubert.py::FlaubertModelTest::test_flaubert_simple_qa
0.02s call     tests/test_modeling_flaubert.py::FlaubertModelTest::test_flaubert_sequence_classif
0.02s call     tests/test_tokenization_t5.py::T5TokenizationTest::test_get_vocab
0.02s call     tests/test_modeling_bart.py::BARTModelTest::test_hidden_states_output
0.02s call     tests/test_modeling_t5.py::T5ModelTest::test_model_common_attributes
0.02s call     tests/test_modeling_t5.py::T5ModelTest::test_correct_missing_keys
0.02s call     tests/test_modeling_roberta.py::RobertaModelTest::test_tie_model_weights
0.02s call     tests/test_tokenization_transfo_xl.py::TransfoXLTokenizationTest::test_encode_plus_with_padding
0.02s call     tests/test_tokenization_bert.py::BertTokenizationTest::test_required_methods_tokenizer
0.02s call     tests/test_modeling_xlm.py::XLMModelTest::test_xlm_model
0.02s call     tests/test_modeling_electra.py::ElectraModelTest::test_electra_model
0.02s call     tests/test_tokenization_bert_japanese.py::BertJapaneseCharacterTokenizationTest::test_required_methods_tokenizer
0.02s call     tests/test_modeling_xlnet.py::XLNetModelTest::test_xlnet_base_model_with_att_output
0.02s call     tests/test_tokenization_xlm.py::XLMTokenizationTest::test_required_methods_tokenizer
0.02s call     tests/test_modeling_bart.py::BARTModelTest::test_initialization
0.02s call     tests/test_tokenization_xlm.py::XLMTokenizationTest::test_encode_plus_with_padding
0.02s call     tests/test_modeling_flaubert.py::FlaubertModelTest::test_flaubert_lm_head
0.02s call     tests/test_modeling_bert.py::BertModelTest::test_bert_model
0.02s call     tests/test_modeling_reformer.py::ReformerIntegrationTests::test_local_model_forward
0.02s call     tests/test_modeling_reformer.py::ReformerLSHAttnModelTest::test_config
0.02s call     tests/test_modeling_roberta.py::RobertaModelTest::test_model_common_attributes
0.02s call     tests/test_modeling_roberta.py::RobertaModelTest::test_for_multiple_choice
0.02s call     tests/test_modeling_openai.py::OpenAIGPTModelTest::test_model_common_attributes
0.01s call     tests/test_tokenization_bert.py::BertTokenizationTest::test_add_special_tokens
0.01s call     tests/test_tokenization_xlnet.py::XLNetTokenizationTest::test_pickle_tokenizer
0.01s call     tests/test_optimization.py::OptimizationTest::test_adam_w
0.01s call     tests/test_modeling_xlm.py::XLMModelTest::test_xlm_simple_qa
0.01s call     tests/test_tokenization_t5.py::T5TokenizationTest::test_pickle_tokenizer
0.01s call     tests/test_modeling_t5.py::T5ModelTest::test_shift_right
0.01s call     tests/test_tokenization_xlm.py::XLMTokenizationTest::test_tokenizers_common_properties
0.01s call     tests/test_modeling_bert.py::BertModelTest::test_for_multiple_choice
0.01s call     tests/test_modeling_xlm.py::XLMModelTest::test_xlm_sequence_classif
0.01s call     tests/test_tokenization_bert.py::BertTokenizationTest::test_encode_decode_with_spaces
0.01s call     tests/test_modeling_albert.py::AlbertModelTest::test_for_masked_lm
0.01s call     tests/test_modeling_gpt2.py::GPT2ModelTest::test_model_common_attributes
0.01s call     tests/test_tokenization_t5.py::T5TokenizationTest::test_encode_decode_with_spaces
0.01s call     tests/test_modeling_openai.py::OpenAIGPTModelTest::test_openai_gpt_double_lm_head_model
0.01s call     tests/test_modeling_albert.py::AlbertModelTest::test_for_pretraining
0.01s call     tests/test_modeling_bart.py::BARTModelTest::test_model_common_attributes
0.01s call     tests/test_tokenization_xlnet.py::XLNetTokenizationTest::test_added_tokens_do_lower_case
0.01s call     tests/test_modeling_distilbert.py::DistilBertModelTest::test_distilbert_model
0.01s call     tests/test_tokenization_t5.py::T5TokenizationTest::test_separate_tokenizers
0.01s call     tests/test_tokenization_xlnet.py::XLNetTokenizationTest::test_tokenizers_common_properties
0.01s call     tests/test_modeling_albert.py::AlbertModelTest::test_for_question_answering
0.01s call     tests/test_modeling_distilbert.py::DistilBertModelTest::test_for_sequence_classification
0.01s call     tests/test_modeling_albert.py::AlbertModelTest::test_for_sequence_classification
0.01s call     tests/test_modeling_distilbert.py::DistilBertModelTest::test_for_token_classification
0.01s call     tests/test_modeling_bart.py::BartHeadTests::test_generate_beam_search
0.01s call     tests/test_modeling_openai.py::OpenAIGPTModelTest::test_openai_gpt_lm_head_model
0.01s call     tests/test_tokenization_xlnet.py::XLNetTokenizationTest::test_batch_encode_plus_padding
0.01s call     tests/test_tokenization_t5.py::T5TokenizationTest::test_add_special_tokens
0.01s call     tests/test_tokenization_xlnet.py::XLNetTokenizationTest::test_tokenizer_lower
0.01s call     tests/test_tokenization_t5.py::T5TokenizationTest::test_batch_encode_plus_padding
0.01s call     tests/test_modeling_bart.py::BartTranslationTests::test_mbart_fast_forward
0.01s call     tests/test_modeling_roberta.py::RobertaModelTest::test_for_masked_lm
0.01s call     tests/test_modeling_roberta.py::RobertaModelTest::test_for_token_classification
0.01s call     tests/test_modeling_gpt2.py::GPT2ModelTest::test_gpt2_lm_head_model
0.01s call     tests/test_modeling_reformer.py::ReformerLSHAttnModelTest::test_initialization
0.01s call     tests/test_modeling_electra.py::ElectraModelTest::test_for_masked_lm
0.01s call     tests/test_tokenization_t5.py::T5TokenizationTest::test_swap_special_token
0.01s call     tests/test_modeling_distilbert.py::DistilBertModelTest::test_for_masked_lm
0.01s call     tests/test_tokenization_xlm_roberta.py::XLMRobertaTokenizationTest::test_maximum_encoding_length_pair_input
0.01s call     tests/test_modeling_reformer.py::ReformerLocalAttnModelTest::test_initialization
0.01s call     tests/test_tokenization_xlnet.py::XLNetTokenizationTest::test_swap_special_token
0.01s call     tests/test_modeling_transfo_xl.py::TransfoXLModelTest::test_model_common_attributes
0.01s call     tests/test_modeling_electra.py::ElectraModelTest::test_for_pre_training
0.01s call     tests/test_tokenization_xlnet.py::XLNetTokenizationTest::test_encode_input_type
0.01s call     tests/test_modeling_xlm.py::XLMModelTest::test_xlm_for_token_classification
0.01s call     tests/test_modeling_electra.py::ElectraModelTest::test_for_token_classification
0.01s call     tests/test_modeling_roberta.py::RobertaModelTest::test_for_question_answering
0.01s call     tests/test_modeling_distilbert.py::DistilBertModelTest::test_for_question_answering
0.01s call     tests/test_tokenization_xlm_roberta.py::XLMRobertaTokenizationTest::test_encode_input_type
0.01s call     tests/test_modeling_bert.py::BertModelTest::test_for_pretraining
0.01s call     tests/test_tokenization_xlnet.py::XLNetTokenizationTest::test_maximum_encoding_length_single_input
0.01s call     tests/test_tokenization_xlm_roberta.py::XLMRobertaTokenizationTest::test_number_of_added_tokens
0.01s call     tests/test_tokenization_xlnet.py::XLNetTokenizationTest::test_add_special_tokens
0.01s call     tests/test_modeling_xlm.py::XLMModelTest::test_xlm_lm_head
0.01s call     tests/test_tokenization_xlnet.py::XLNetTokenizationTest::test_encode_plus_with_padding
0.01s call     tests/test_modeling_reformer.py::ReformerLSHAttnModelTest::test_model_common_attributes
0.01s call     tests/test_modeling_bert.py::BertModelTest::test_for_masked_lm
0.01s call     tests/test_tokenization_bert.py::BertTokenizationTest::test_rust_and_python_full_tokenizers
0.01s call     tests/test_modeling_bert.py::BertModelTest::test_for_question_answering
0.01s call     tests/test_modeling_bert.py::BertModelTest::test_for_sequence_classification
0.01s call     tests/test_tokenization_t5.py::T5TokenizationTest::test_tokenizers_common_properties
0.01s call     tests/test_modeling_bert.py::BertModelTest::test_for_next_sequence_prediction
0.01s call     tests/test_modeling_bert.py::BertModelTest::test_for_token_classification
0.01s call     tests/test_tokenization_xlm_roberta.py::XLMRobertaTokenizationTest::test_full_tokenizer
0.01s call     tests/test_tokenization_t5.py::T5TokenizationTest::test_batch_encode_plus_tensors
0.01s call     tests/test_tokenization_t5.py::T5TokenizationTest::test_tf_encode_plus_sent_to_model
0.01s call     tests/test_tokenization_t5.py::T5TokenizationTest::test_required_methods_tokenizer
0.01s call     tests/test_tokenization_t5.py::T5TokenizationTest::test_maximum_encoding_length_pair_input
0.01s call     tests/test_tokenization_xlnet.py::XLNetTokenizationTest::test_tokenizer_no_lower
0.01s call     tests/test_tokenization_xlnet.py::XLNetTokenizationTest::test_mask_output
0.01s call     tests/test_tokenization_xlnet.py::XLNetTokenizationTest::test_required_methods_tokenizer
0.01s call     tests/test_tokenization_xlnet.py::XLNetTokenizationTest::test_full_tokenizer
0.01s call     tests/test_tokenization_t5.py::T5TokenizationTest::test_batch_encode_plus_batch_sequence_length
0.01s call     tests/test_modeling_bart.py::BartHeadTests::test_lm_forward
0.01s call     tests/test_modeling_transfo_xl.py::TransfoXLModelTest::test_config
0.01s call     tests/test_modeling_reformer.py::ReformerLocalAttnModelTest::test_model_common_attributes
0.01s call     tests/test_tokenization_t5.py::T5TokenizationTest::test_add_tokens_tokenizer
0.01s call     tests/test_tokenization_t5.py::T5TokenizationTest::test_encode_input_type
0.01s call     tests/test_tokenization_t5.py::T5TokenizationTest::test_encode_plus_with_padding
0.01s call     tests/test_tokenization_t5.py::T5TokenizationTest::test_maximum_encoding_length_single_input
0.01s call     tests/test_modeling_bart.py::BartHeadTests::test_sequence_classification_forward
0.01s call     tests/test_tokenization_t5.py::T5TokenizationTest::test_number_of_added_tokens
0.01s call     tests/test_tokenization_t5.py::T5TokenizationTest::test_mask_output
0.01s call     tests/test_tokenization_xlm.py::XLMTokenizationTest::test_batch_encode_plus_tensors
0.01s call     tests/test_modeling_bart.py::BartHeadTests::test_lm_uneven_forward
0.01s call     tests/test_tokenization_xlm.py::XLMTokenizationTest::test_batch_encode_plus_padding
0.01s call     tests/test_modeling_bart.py::BartHeadTests::test_dummy_inputs
0.01s call     tests/test_tokenization_t5.py::T5TokenizationTest::test_full_tokenizer
0.01s call     tests/test_tokenization_distilbert.py::BertTokenizationTest::test_rust_and_python_full_tokenizers
0.01s call     tests/test_tokenization_xlm.py::XLMTokenizationTest::test_batch_encode_plus_batch_sequence_length
0.01s call     tests/test_tokenization_xlm.py::XLMTokenizationTest::test_save_and_load_tokenizer
0.01s call     tests/test_tokenization_gpt2.py::GPT2TokenizationTest::test_rust_and_python_full_tokenizers
0.01s call     tests/test_tokenization_distilbert.py::DistilBertTokenizationTest::test_rust_and_python_full_tokenizers
0.01s call     tests/test_tokenization_openai.py::OpenAIGPTTokenizationTest::test_save_and_load_tokenizer
0.01s call     tests/test_tokenization_gpt2.py::GPT2TokenizationTest::test_save_and_load_tokenizer
0.01s call     tests/test_tokenization_bert.py::BertTokenizationTest::test_batch_encode_plus_tensors
0.01s call     tests/test_optimization.py::ScheduleInitTest::test_constant_scheduler
0.01s call     tests/test_tokenization_bert.py::BertTokenizationTest::test_batch_encode_plus_padding
0.01s call     tests/test_tokenization_xlm_roberta.py::XLMRobertaTokenizationTest::test_pretrained_model_lists
0.01s call     tests/test_tokenization_openai.py::OpenAIGPTTokenizationTest::test_batch_encode_plus_padding
0.01s call     tests/test_modeling_reformer.py::ReformerIntegrationTests::test_lsh_layer_forward_complex
0.01s call     tests/test_tokenization_gpt2.py::GPT2TokenizationTest::test_batch_encode_plus_padding
0.01s call     tests/test_tokenization_xlnet.py::XLNetTokenizationTest::test_pretrained_model_lists

(0.00 durations hidden.  Use -vv to show these durations.)
=========================== short test summary info ============================
SKIPPED [1] tests/test_doc_samples.py:110: test is slow
SKIPPED [1] tests/test_doc_samples.py:116: test is slow
SKIPPED [1] tests/test_doc_samples.py:121: test is slow
SKIPPED [1] tests/test_modeling_albert.py:296: test is slow
SKIPPED [1] tests/test_modeling_auto.py:86: test is slow
SKIPPED [1] tests/test_modeling_auto.py:71: test is slow
SKIPPED [1] tests/test_modeling_auto.py:56: test is slow
SKIPPED [1] tests/test_modeling_auto.py:114: test is slow
SKIPPED [1] tests/test_modeling_auto.py:99: test is slow
SKIPPED [1] tests/test_modeling_auto.py:127: test is slow
SKIPPED [1] tests/test_modeling_bart.py:186: Passing inputs_embeds not implemented for Bart.
SKIPPED [1] tests/test_modeling_bart.py:237: test is slow
SKIPPED [1] tests/test_modeling_bart.py:247: test is slow
SKIPPED [1] tests/test_modeling_bart.py:450: Cant do half precision
SKIPPED [1] tests/test_modeling_bart.py:443: Cant do half precision
SKIPPED [1] tests/test_modeling_bart.py:431: test is slow
SKIPPED [1] tests/test_modeling_bart.py:604: test is slow
SKIPPED [1] tests/test_modeling_bart.py:523: test is slow
SKIPPED [1] tests/test_modeling_bart.py:537: test is slow
SKIPPED [1] tests/test_modeling_bart.py:564: This is just too slow
SKIPPED [1] tests/test_modeling_bart.py:571: test is slow
SKIPPED [1] tests/test_modeling_bert.py:495: test is slow
SKIPPED [1] tests/test_modeling_camembert.py:30: test is slow
SKIPPED [1] tests/test_modeling_common.py:799: test is slow
SKIPPED [1] tests/test_modeling_ctrl.py:211: test is slow
SKIPPED [1] tests/test_modeling_ctrl.py:219: test is slow
SKIPPED [1] tests/test_modeling_electra.py:283: test is slow
SKIPPED [1] tests/test_modeling_encoder_decoder.py:330: test is slow
SKIPPED [1] tests/test_modeling_flaubert.py:388: test is slow
SKIPPED [1] tests/test_modeling_gpt2.py:335: test is slow
SKIPPED [1] tests/test_modeling_gpt2.py:372: test is slow
SKIPPED [1] tests/test_modeling_gpt2.py:343: test is slow
SKIPPED [1] tests/test_modeling_marian.py:44: test is slow
SKIPPED [1] tests/test_modeling_marian.py:148: test is slow
SKIPPED [1] tests/test_modeling_marian.py:112: test is slow
SKIPPED [1] tests/test_modeling_marian.py:169: test is slow
SKIPPED [1] tests/test_modeling_marian.py:186: test is slow
SKIPPED [1] tests/test_modeling_marian.py:227: test is slow
SKIPPED [1] tests/test_modeling_openai.py:219: test is slow
SKIPPED [1] tests/test_modeling_openai.py:227: test is slow
SKIPPED [2] tests/test_modeling_reformer.py:436: test is slow
SKIPPED [1] tests/test_modeling_reformer.py:499: test is slow
SKIPPED [2] tests/test_modeling_reformer.py:441: Cant do half precision
SKIPPED [2] tests/test_modeling_reformer.py:446: Cant do half precision
SKIPPED [1] tests/test_modeling_reformer.py:941: test is slow
SKIPPED [1] tests/test_modeling_roberta.py:274: test is slow
SKIPPED [1] tests/test_modeling_roberta.py:359: test is slow
SKIPPED [1] tests/test_modeling_roberta.py:323: test is slow
SKIPPED [1] tests/test_modeling_roberta.py:342: test is slow
SKIPPED [1] tests/test_modeling_t5.py:358: test is slow
SKIPPED [1] tests/test_modeling_t5.py:367: test is slow
SKIPPED [1] tests/test_modeling_t5.py:417: test is slow
SKIPPED [1] tests/test_modeling_t5.py:446: test is slow
SKIPPED [1] tests/test_modeling_t5.py:473: test is slow
SKIPPED [1] tests/test_modeling_transfo_xl.py:210: test is slow
SKIPPED [1] tests/test_modeling_transfo_xl.py:218: test is slow
SKIPPED [1] tests/test_modeling_xlm.py:426: test is slow
SKIPPED [1] tests/test_modeling_xlm.py:434: test is slow
SKIPPED [1] tests/test_modeling_xlm_roberta.py:30: test is slow
SKIPPED [1] tests/test_modeling_xlm_roberta.py:49: test is slow
SKIPPED [1] tests/test_modeling_xlnet.py:509: test is slow
SKIPPED [1] tests/test_modeling_xlnet.py:517: test is slow
SKIPPED [1] tests/test_pipelines.py:257: test is slow
SKIPPED [1] tests/test_pipelines.py:302: test is slow
SKIPPED [1] tests/test_pipelines.py:239: test is slow
SKIPPED [1] tests/test_pipelines.py:390: test is slow
SKIPPED [1] tests/test_pipelines.py:382: test is slow
SKIPPED [2] tests/test_tokenization_bert.py:170: test is slow
SKIPPED [1] tests/test_tokenization_common.py:235: test of custom tokenizers
SKIPPED [1] tests/test_tokenization_common.py:188: test of custom tokenizers
SKIPPED [1] tests/test_tokenization_common.py:148: test of custom tokenizers
SKIPPED [1] tests/test_tokenization_common.py:624: test of custom tokenizers
SKIPPED [1] tests/test_tokenization_common.py:655: test of custom tokenizers
SKIPPED [1] tests/test_tokenization_common.py:702: test of custom tokenizers
SKIPPED [1] tests/test_tokenization_common.py:273: test of custom tokenizers
SKIPPED [1] tests/test_tokenization_common.py:390: test of custom tokenizers
SKIPPED [1] tests/test_tokenization_common.py:527: test of custom tokenizers
SKIPPED [1] tests/test_tokenization_bert_japanese.py:71: test of custom tokenizers
SKIPPED [1] tests/test_tokenization_common.py:604: test of custom tokenizers
SKIPPED [1] tests/test_tokenization_common.py:292: test of custom tokenizers
SKIPPED [1] tests/test_tokenization_common.py:344: test of custom tokenizers
SKIPPED [1] tests/test_tokenization_common.py:318: test of custom tokenizers
SKIPPED [1] tests/test_tokenization_bert_japanese.py:78: test of custom tokenizers
SKIPPED [1] tests/test_tokenization_bert_japanese.py:86: test of custom tokenizers
SKIPPED [1] tests/test_tokenization_bert_japanese.py:108: test of custom tokenizers
SKIPPED [1] tests/test_tokenization_bert_japanese.py:94: test of custom tokenizers
SKIPPED [1] tests/test_tokenization_common.py:305: test of custom tokenizers
SKIPPED [1] tests/test_tokenization_common.py:481: test of custom tokenizers
SKIPPED [1] tests/test_tokenization_common.py:130: test of custom tokenizers
SKIPPED [1] tests/test_tokenization_common.py:283: test of custom tokenizers
SKIPPED [1] tests/test_tokenization_common.py:256: test of custom tokenizers
SKIPPED [1] tests/test_tokenization_common.py:110: test of custom tokenizers
SKIPPED [1] tests/test_tokenization_common.py:594: test of custom tokenizers
SKIPPED [1] tests/test_tokenization_bert_japanese.py:132: test of custom tokenizers
SKIPPED [1] tests/test_tokenization_common.py:430: test of custom tokenizers
SKIPPED [1] tests/test_tokenization_common.py:402: test of custom tokenizers
SKIPPED [1] tests/test_tokenization_common.py:787: test of custom tokenizers
SKIPPED [1] tests/test_tokenization_common.py:88: test of custom tokenizers
SKIPPED [1] tests/test_tokenization_common.py:747: test of custom tokenizers
SKIPPED [1] tests/test_tokenization_bert_japanese.py:116: test of custom tokenizers
SKIPPED [1] tests/test_tokenization_bert_japanese.py:193: test is slow
SKIPPED [1] tests/test_tokenization_distilbert.py:33: test is slow
SKIPPED [1] tests/test_tokenization_roberta.py:96: test is slow
SKIPPED [1] tests/test_tokenization_utils.py:39: test is slow
SKIPPED [1] tests/test_tokenization_xlm.py:89: test is slow
SKIPPED [1] tests/test_tokenization_xlm_roberta.py:124: test is slow
SKIPPED [1] tests/test_tokenization_xlm_roberta.py:136: test is slow
SKIPPED [1] tests/test_tokenization_xlnet.py:174: test is slow
FAILED tests/test_onnx.py::OnnxExportTestCase::test_export_pytorch - Assertio...
FAILED tests/test_onnx.py::OnnxExportTestCase::test_export_tensorflow - Asser...
============ 2 failed, 932 passed, 112 skipped in 298.59s (0:04:58) ============
